0 info it worked if it ends with ok
1 verbose cli [ '/Users/nzzkaiserf/.nvm/versions/node/v6.3.1/bin/node',
1 verbose cli   '/Users/nzzkaiserf/.nvm/versions/node/v6.3.1/bin/npm',
1 verbose cli   'run',
1 verbose cli   'test' ]
2 info using npm@3.10.3
3 info using node@v6.3.1
4 verbose run-script [ 'pretest', 'test', 'posttest' ]
5 info lifecycle score.dom@0.0.9~pretest: score.dom@0.0.9
6 silly lifecycle score.dom@0.0.9~pretest: no script for pretest, continuing
7 info lifecycle score.dom@0.0.9~test: score.dom@0.0.9
8 verbose lifecycle score.dom@0.0.9~test: unsafe-perm in lifecycle true
9 verbose lifecycle score.dom@0.0.9~test: PATH: /Users/nzzkaiserf/.nvm/versions/node/v6.3.1/lib/node_modules/npm/bin/node-gyp-bin:/Users/nzzkaiserf/projects/js.dom/node_modules/.bin:/Users/nzzkaiserf/.nvm/versions/node/v6.3.1/bin:/Users/nzzkaiserf/.nvm/versions/node/v6.3.1/bin:/Users/nzzkaiserf/.pyenv/shims:/usr/local/sbin:/Users/nzzkaiserf/.local/bin:/Users/nzzkaiserf/.pyenv/shims:/usr/local/sbin:/usr/local/bin:/usr/bin:/bin:/usr/sbin:/sbin:/opt/subgit/bin:/usr/local/opt/coreutils/libexec/gnubin:/opt/X11/bin:/Library/Frameworks/Mono.framework/Versions/Current/Commands:/Library/TeX/texbin:~/.composer/vendor/bin:/usr/local/ngrok:/Users/nzzkaiserf/.rvm/bin:~/.composer/vendor/bin:/usr/local/ngrok:/Users/nzzkaiserf/.rvm/bin
10 verbose lifecycle score.dom@0.0.9~test: CWD: /Users/nzzkaiserf/projects/js.dom
11 silly lifecycle score.dom@0.0.9~test: Args: [ '-c',
11 silly lifecycle   '$(node -e "console.log(require(\'path\').dirname(require.resolve(\'mocha\')) + \'/bin/mocha\')")' ]
12 silly lifecycle score.dom@0.0.9~test: Returned: code: 1  signal: null
13 info lifecycle score.dom@0.0.9~test: Failed to exec test script
14 verbose stack Error: score.dom@0.0.9 test: `$(node -e "console.log(require('path').dirname(require.resolve('mocha')) + '/bin/mocha')")`
14 verbose stack Exit status 1
14 verbose stack     at EventEmitter.<anonymous> (/Users/nzzkaiserf/.nvm/versions/node/v6.3.1/lib/node_modules/npm/lib/utils/lifecycle.js:242:16)
14 verbose stack     at emitTwo (events.js:106:13)
14 verbose stack     at EventEmitter.emit (events.js:191:7)
14 verbose stack     at ChildProcess.<anonymous> (/Users/nzzkaiserf/.nvm/versions/node/v6.3.1/lib/node_modules/npm/lib/utils/spawn.js:40:14)
14 verbose stack     at emitTwo (events.js:106:13)
14 verbose stack     at ChildProcess.emit (events.js:191:7)
14 verbose stack     at maybeClose (internal/child_process.js:852:16)
14 verbose stack     at Process.ChildProcess._handle.onexit (internal/child_process.js:215:5)
15 verbose pkgid score.dom@0.0.9
16 verbose cwd /Users/nzzkaiserf/projects/js.dom
17 error Darwin 15.6.0
18 error argv "/Users/nzzkaiserf/.nvm/versions/node/v6.3.1/bin/node" "/Users/nzzkaiserf/.nvm/versions/node/v6.3.1/bin/npm" "run" "test"
19 error node v6.3.1
20 error npm  v3.10.3
21 error code ELIFECYCLE
22 error score.dom@0.0.9 test: `$(node -e "console.log(require('path').dirname(require.resolve('mocha')) + '/bin/mocha')")`
22 error Exit status 1
23 error Failed at the score.dom@0.0.9 test script '$(node -e "console.log(require('path').dirname(require.resolve('mocha')) + '/bin/mocha')")'.
23 error Make sure you have the latest version of node.js and npm installed.
23 error If you do, this is most likely a problem with the score.dom package,
23 error not with npm itself.
23 error Tell the author that this fails on your system:
23 error     $(node -e "console.log(require('path').dirname(require.resolve('mocha')) + '/bin/mocha')")
23 error You can get information on how to open an issue for this project with:
23 error     npm bugs score.dom
23 error Or if that isn't available, you can get their info via:
23 error     npm owner ls score.dom
23 error There is likely additional logging output above.
24 verbose exit [ 1, true ]
